<?xml version="1.0" encoding="utf-8"?><testsuites name="pytest tests"><testsuite name="pytest" errors="0" failures="0" skipped="0" tests="12" time="7.394" timestamp="2026-05-03T06:45:02.945864+00:00" hostname="agent-env-99b4e4f6-46d4-4965-b337-045c9f38ad15"><testcase classname="backend.tests.test_mnemo" name="test_health" time="0.231" /><testcase classname="backend.tests.test_mnemo" name="test_seed" time="0.047" /><testcase classname="backend.tests.test_mnemo" name="test_list_memories" time="0.044" /><testcase classname="backend.tests.test_mnemo" name="test_create_memory_with_llm" time="3.625" /><testcase classname="backend.tests.test_mnemo" name="test_patch_memory" time="0.045" /><testcase classname="backend.tests.test_mnemo" name="test_reinforce_memory" time="0.047" /><testcase classname="backend.tests.test_mnemo" name="test_search_hybrid" time="0.049" /><testcase classname="backend.tests.test_mnemo" name="test_lifecycle_decay" time="0.045" /><testcase classname="backend.tests.test_mnemo" name="test_stats" time="0.049" /><testcase classname="backend.tests.test_mnemo" name="test_timeline" time="0.044" /><testcase classname="backend.tests.test_mnemo" name="test_agent_simulate" time="2.845" /><testcase classname="backend.tests.test_mnemo" name="test_delete_memory" time="0.130" /></testsuite></testsuites>